#
# A fatal error has been detected by the Java Runtime Environment:
#
#  EXCEPTION_IN_PAGE_ERROR (0xc0000006) at pc=0x0000000002e5c36c, pid=9720, tid=0x0000000000002e4c
#
# JRE version: Java(TM) SE Runtime Environment (8.0_181-b13) (build 1.8.0_181-b13)
# Java VM: Java HotSpot(TM) 64-Bit Server VM (25.181-b13 mixed mode windows-amd64 compressed oops)
# Problematic frame:
# J 2188 C2 javax.swing.JComponent._paintImmediately(IIII)V (891 bytes) @ 0x0000000002e5c36c [0x0000000002e5b080+0x12ec]
#
# Failed to write core dump. Minidumps are not enabled by default on client versions of Windows
#
# If you would like to submit a bug report, please visit:
#   http://bugreport.java.com/bugreport/crash.jsp
#

---------------  T H R E A D  ---------------

Current thread (0x0000000058fe8800):  JavaThread "AWT-EventQueue-0" [_thread_in_Java, id=11852, stack(0x0000000059bb0000,0x0000000059cb0000)]

siginfo: ExceptionCode=0xc0000006, ExceptionInformation=0x0000000000000001 0x00000000d91ec000 0x00000000c000009c 

Registers:
RAX=0x00000000d91ebfe0, RBX=0x0000000000000000, RCX=0x00000000805969f8, RDX=0x00000000d91ebfc0
RSP=0x0000000059cad480, RBP=0x000000000000007d, RSI=0x00000000d91ebe50, RDI=0x00000000d91ebf78
R8 =0x00000000169a2ce0, R9 =0x0000000011790000, R10=0x0000000000000005, R11=0x00000000169a2ce0
R12=0x0000000000000000, R13=0x0000000000000000, R14=0x0000000000000000, R15=0x0000000058fe8800
RIP=0x0000000002e5c36c, EFLAGS=0x0000000000010287

Top of Stack: (sp=0x0000000059cad480)
0x0000000059cad480:   000000008011a990 0000000002e18a28
0x0000000059cad490:   0000000016997801 0000000058fe8800
0x0000000059cad4a0:   0000000016ae6408 00000000801d3428
0x0000000059cad4b0:   00000000801a2e78 000000008056a980
0x0000000059cad4c0:   00000000802be168 000000008056a980
0x0000000059cad4d0:   00000000801d3428 00000000805969c0
0x0000000059cad4e0:   000000008056a980 00000007801a2e78
0x0000000059cad4f0:   00000000d91ebc90 00000000d91ebcc0
0x0000000059cad500:   0000000080594600 00000000801a2a50
0x0000000059cad510:   0000000000000017 0000000000000039
0x0000000059cad520:   0000007d00000235 00000000d91ebea0
0x0000000059cad530:   0000000016ad30c0 0000007500000000
0x0000000059cad540:   00000000169a2ce0 0000000002e18a28
0x0000000059cad550:   0000015a0000008c 0000012100000039
0x0000000059cad560:   00000000d91eae70 00000000d91eb020
0x0000000059cad570:   0000000700000001 0000000000000007 

Instructions: (pc=0x0000000002e5c36c)
0x0000000002e5c34c:   01 00 00 4d 8b 93 a8 00 00 00 4c 89 10 c7 40 08
0x0000000002e5c35c:   e0 2c 9a 16 44 89 60 0c 4c 89 60 10 4c 89 60 18
0x0000000002e5c36c:   4c 89 60 20 48 89 84 24 c8 00 00 00 48 8b d0 44
0x0000000002e5c37c:   8b 84 24 b8 00 00 00 44 8b 4c 24 54 8b bc 24 a0 


Register to memory mapping:

RAX=0x00000000d91ebfe0 is an oop
sun.java2d.pipe.Region 
 - klass: 'sun/java2d/pipe/Region'
RBX=0x0000000000000000 is an unknown value
RCX=0x00000000805969f8 is an oop
java.awt.Font 
 - klass: 'java/awt/Font'
RDX=0x00000000d91ebfc0 is an oop
java.awt.Rectangle 
 - klass: 'java/awt/Rectangle'
RSP=0x0000000059cad480 is pointing into the stack for thread: 0x0000000058fe8800
RBP=0x000000000000007d is an unknown value
RSI=0x00000000d91ebe50 is an oop
sun.java2d.pipe.Region 
 - klass: 'sun/java2d/pipe/Region'
RDI=0x00000000d91ebf78 is an oop
java.awt.geom.AffineTransform 
 - klass: 'java/awt/geom/AffineTransform'
R8 =0x00000000169a2ce0 is pointing into metadata
R9 =0x0000000011790000 is an unknown value
R10=0x0000000000000005 is an unknown value
R11=0x00000000169a2ce0 is pointing into metadata
R12=0x0000000000000000 is an unknown value
R13=0x0000000000000000 is an unknown value
R14=0x0000000000000000 is an unknown value
R15=0x0000000058fe8800 is a thread


Stack: [0x0000000059bb0000,0x0000000059cb0000],  sp=0x0000000059cad480,  free space=1013k
Native frames: (J=compiled Java code, j=interpreted, Vv=VM code, C=native code)
C  0x0000000002e5c36c


---------------  P R O C E S S  ---------------

Java Threads: ( => current thread )
  0x0000000058ad4800 JavaThread "TimerQueue" daemon [_thread_blocked, id=8024, stack(0x000000005b690000,0x000000005b790000)]
  0x0000000058bb0800 JavaThread "MultiThreadedHttpConnectionManager cleanup" daemon [_thread_blocked, id=4676, stack(0x000000005ac40000,0x000000005ad40000)]
  0x0000000002150000 JavaThread "DestroyJavaVM" [_thread_blocked, id=12212, stack(0x0000000002400000,0x0000000002500000)]
=>0x0000000058fe8800 JavaThread "AWT-EventQueue-0" [_thread_in_Java, id=11852, stack(0x0000000059bb0000,0x0000000059cb0000)]
  0x0000000058fe3800 JavaThread "AWT-Windows" daemon [_thread_in_native, id=11340, stack(0x0000000059a00000,0x0000000059b00000)]
  0x0000000058fe0800 JavaThread "AWT-Shutdown" [_thread_blocked, id=8420, stack(0x00000000596b0000,0x00000000597b0000)]
  0x0000000058fe0000 JavaThread "Java2D Disposer" daemon [_thread_blocked, id=7140, stack(0x0000000059800000,0x0000000059900000)]
  0x00000000572ef800 JavaThread "Service Thread" daemon [_thread_blocked, id=7876, stack(0x0000000057f70000,0x0000000058070000)]
  0x00000000572eb800 JavaThread "C1 CompilerThread1" daemon [_thread_blocked, id=3852, stack(0x00000000587d0000,0x00000000588d0000)]
  0x000000005728b000 JavaThread "C2 CompilerThread0" daemon [_thread_blocked, id=10268, stack(0x0000000058620000,0x0000000058720000)]
  0x0000000057289800 JavaThread "Attach Listener" daemon [_thread_blocked, id=8172, stack(0x00000000583f0000,0x00000000584f0000)]
  0x0000000057288800 JavaThread "Signal Dispatcher" daemon [_thread_blocked, id=11720, stack(0x0000000058230000,0x0000000058330000)]
  0x0000000057270800 JavaThread "Finalizer" daemon [_thread_blocked, id=11712, stack(0x00000000580e0000,0x00000000581e0000)]
  0x0000000057267000 JavaThread "Reference Handler" daemon [_thread_blocked, id=11288, stack(0x0000000057d40000,0x0000000057e40000)]

Other Threads:
  0x000000005721f000 VMThread [stack: 0x0000000057e60000,0x0000000057f60000] [id=12264]
  0x00000000588e9800 WatcherThread [stack: 0x0000000058d60000,0x0000000058e60000] [id=11952]

VM state:not at safepoint (normal execution)

VM Mutex/Monitor currently owned by a thread: None

Heap:
 PSYoungGen      total 147456K, used 63709K [0x00000000d5580000, 0x00000000e2d00000, 0x0000000100000000)
  eden space 146944K, 43% used [0x00000000d5580000,0x00000000d93a7588,0x00000000de500000)
  from space 512K, 12% used [0x00000000e2c80000,0x00000000e2c90000,0x00000000e2d00000)
  to   space 4096K, 0% used [0x00000000e2500000,0x00000000e2500000,0x00000000e2900000)
 ParOldGen       total 41984K, used 6071K [0x0000000080000000, 0x0000000082900000, 0x00000000d5580000)
  object space 41984K, 14% used [0x0000000080000000,0x00000000805edef8,0x0000000082900000)
 Metaspace       used 22240K, capacity 22556K, committed 22960K, reserved 1069056K
  class space    used 2676K, capacity 2810K, committed 2816K, reserved 1048576K

Card table byte_map: [0x0000000011b90000,0x0000000011fa0000] byte_map_base: 0x0000000011790000

Marking Bits: (ParMarkBitMap*) 0x000000006e952d00
 Begin Bits: [0x00000000124f0000, 0x00000000144f0000)
 End Bits:   [0x00000000144f0000, 0x00000000164f0000)

Polling page: 0x0000000000240000

CodeCache: size=245760Kb used=7042Kb max_used=7052Kb free=238717Kb
 bounds [0x00000000027d0000, 0x0000000002ec0000, 0x00000000117d0000]
 total_blobs=2733 nmethods=2176 adapters=471
 compilation: enabled

Compilation events (10 events):
Event: 39134.424 Thread 0x000000005728b000 2324 %     4       java.awt.EventQueue::noEvents @ 2 (29 bytes)
Event: 39304.704 Thread 0x000000005728b000 nmethod 2324% 0x0000000002c08b10 code [0x0000000002c08c60, 0x0000000002c08e38]
Event: 39354.072 Thread 0x000000005728b000 2325       4       java.awt.EventQueue::postEvent (172 bytes)
Event: 39428.469 Thread 0x000000005728b000 nmethod 2325 0x0000000002ebca90 code [0x0000000002ebcc60, 0x0000000002ebd908]
Event: 39428.469 Thread 0x000000005728b000 2326   !   4       sun.awt.AWTAutoShutdown::notifyThreadBusy (88 bytes)
Event: 39428.594 Thread 0x000000005728b000 nmethod 2326 0x0000000002b07410 code [0x0000000002b07580, 0x0000000002b07c88]
Event: 40086.024 Thread 0x00000000572eb800 2327       1       java.util.concurrent.locks.AbstractQueuedSynchronizer::compareAndSetTail (13 bytes)
Event: 40086.720 Thread 0x00000000572eb800 nmethod 2327 0x0000000002eabf50 code [0x0000000002eac0a0, 0x0000000002eac1f0]
Event: 47922.363 Thread 0x00000000572eb800 2328       3       java.util.concurrent.locks.AbstractQueuedSynchronizer::shouldParkAfterFailedAcquire (50 bytes)
Event: 47923.248 Thread 0x00000000572eb800 nmethod 2328 0x0000000002b06dd0 code [0x0000000002b06f40, 0x0000000002b07270]

GC Heap History (10 events):
Event: 36596.781 GC heap before
{Heap before GC invocations=17 (full 1):
 PSYoungGen      total 185344K, used 179776K [0x00000000d5580000, 0x00000000e3900000, 0x0000000100000000)
  eden space 179712K, 100% used [0x00000000d5580000,0x00000000e0500000,0x00000000e0500000)
  from space 5632K, 1% used [0x00000000e2e00000,0x00000000e2e10000,0x00000000e3380000)
  to   space 5120K, 0% used [0x00000000e3400000,0x00000000e3400000,0x00000000e3900000)
 ParOldGen       total 41984K, used 6071K [0x0000000080000000, 0x0000000082900000, 0x00000000d5580000)
  object space 41984K, 14% used [0x0000000080000000,0x00000000805edef8,0x0000000082900000)
 Metaspace       used 22240K, capacity 22556K, committed 22960K, reserved 1069056K
  class space    used 2676K, capacity 2810K, committed 2816K, reserved 1048576K
Event: 36651.851 GC heap after
Heap after GC invocations=17 (full 1):
 PSYoungGen      total 173056K, used 64K [0x00000000d5580000, 0x00000000e3480000, 0x0000000100000000)
  eden space 172544K, 0% used [0x00000000d5580000,0x00000000d5580000,0x00000000dfe00000)
  from space 512K, 12% used [0x00000000e3400000,0x00000000e3410000,0x00000000e3480000)
  to   space 5120K, 0% used [0x00000000e2a80000,0x00000000e2a80000,0x00000000e2f80000)
 ParOldGen       total 41984K, used 6071K [0x0000000080000000, 0x0000000082900000, 0x00000000d5580000)
  object space 41984K, 14% used [0x0000000080000000,0x00000000805edef8,0x0000000082900000)
 Metaspace       used 22240K, capacity 22556K, committed 22960K, reserved 1069056K
  class space    used 2676K, capacity 2810K, committed 2816K, reserved 1048576K
}
Event: 43969.934 GC heap before
{Heap before GC invocations=18 (full 1):
 PSYoungGen      total 173056K, used 172608K [0x00000000d5580000, 0x00000000e3480000, 0x0000000100000000)
  eden space 172544K, 100% used [0x00000000d5580000,0x00000000dfe00000,0x00000000dfe00000)
  from space 512K, 12% used [0x00000000e3400000,0x00000000e3410000,0x00000000e3480000)
  to   space 5120K, 0% used [0x00000000e2a80000,0x00000000e2a80000,0x00000000e2f80000)
 ParOldGen       total 41984K, used 6071K [0x0000000080000000, 0x0000000082900000, 0x00000000d5580000)
  object space 41984K, 14% used [0x0000000080000000,0x00000000805edef8,0x0000000082900000)
 Metaspace       used 22240K, capacity 22556K, committed 22960K, reserved 1069056K
  class space    used 2676K, capacity 2810K, committed 2816K, reserved 1048576K
Event: 43969.977 GC heap after
Heap after GC invocations=18 (full 1):
 PSYoungGen      total 171008K, used 64K [0x00000000d5580000, 0x00000000e3480000, 0x0000000100000000)
  eden space 165888K, 0% used [0x00000000d5580000,0x00000000d5580000,0x00000000df780000)
  from space 5120K, 1% used [0x00000000e2a80000,0x00000000e2a90000,0x00000000e2f80000)
  to   space 4608K, 0% used [0x00000000e3000000,0x00000000e3000000,0x00000000e3480000)
 ParOldGen       total 41984K, used 6071K [0x0000000080000000, 0x0000000082900000, 0x00000000d5580000)
  object space 41984K, 14% used [0x0000000080000000,0x00000000805edef8,0x0000000082900000)
 Metaspace       used 22240K, capacity 22556K, committed 22960K, reserved 1069056K
  class space    used 2676K, capacity 2810K, committed 2816K, reserved 1048576K
}
Event: 46553.708 GC heap before
{Heap before GC invocations=19 (full 1):
 PSYoungGen      total 171008K, used 165952K [0x00000000d5580000, 0x00000000e3480000, 0x0000000100000000)
  eden space 165888K, 100% used [0x00000000d5580000,0x00000000df780000,0x00000000df780000)
  from space 5120K, 1% used [0x00000000e2a80000,0x00000000e2a90000,0x00000000e2f80000)
  to   space 4608K, 0% used [0x00000000e3000000,0x00000000e3000000,0x00000000e3480000)
 ParOldGen       total 41984K, used 6071K [0x0000000080000000, 0x0000000082900000, 0x00000000d5580000)
  object space 41984K, 14% used [0x0000000080000000,0x00000000805edef8,0x0000000082900000)
 Metaspace       used 22240K, capacity 22556K, committed 22960K, reserved 1069056K
  class space    used 2676K, capacity 2810K, committed 2816K, reserved 1048576K
Event: 46553.841 GC heap after
Heap after GC invocations=19 (full 1):
 PSYoungGen      total 159744K, used 64K [0x00000000d5580000, 0x00000000e3080000, 0x0000000100000000)
  eden space 159232K, 0% used [0x00000000d5580000,0x00000000d5580000,0x00000000df100000)
  from space 512K, 12% used [0x00000000e3000000,0x00000000e3010000,0x00000000e3080000)
  to   space 4608K, 0% used [0x00000000e2780000,0x00000000e2780000,0x00000000e2c00000)
 ParOldGen       total 41984K, used 6071K [0x0000000080000000, 0x0000000082900000, 0x00000000d5580000)
  object space 41984K, 14% used [0x0000000080000000,0x00000000805edef8,0x0000000082900000)
 Metaspace       used 22240K, capacity 22556K, committed 22960K, reserved 1069056K
  class space    used 2676K, capacity 2810K, committed 2816K, reserved 1048576K
}
Event: 54938.908 GC heap before
{Heap before GC invocations=20 (full 1):
 PSYoungGen      total 159744K, used 159296K [0x00000000d5580000, 0x00000000e3080000, 0x0000000100000000)
  eden space 159232K, 100% used [0x00000000d5580000,0x00000000df100000,0x00000000df100000)
  from space 512K, 12% used [0x00000000e3000000,0x00000000e3010000,0x00000000e3080000)
  to   space 4608K, 0% used [0x00000000e2780000,0x00000000e2780000,0x00000000e2c00000)
 ParOldGen       total 41984K, used 6071K [0x0000000080000000, 0x0000000082900000, 0x00000000d5580000)
  object space 41984K, 14% used [0x0000000080000000,0x00000000805edef8,0x0000000082900000)
 Metaspace       used 22240K, capacity 22556K, committed 22960K, reserved 1069056K
  class space    used 2676K, capacity 2810K, committed 2816K, reserved 1048576K
Event: 54989.574 GC heap after
Heap after GC invocations=20 (full 1):
 PSYoungGen      total 157696K, used 64K [0x00000000d5580000, 0x00000000e3080000, 0x0000000100000000)
  eden space 153088K, 0% used [0x00000000d5580000,0x00000000d5580000,0x00000000deb00000)
  from space 4608K, 1% used [0x00000000e2780000,0x00000000e2790000,0x00000000e2c00000)
  to   space 4096K, 0% used [0x00000000e2c80000,0x00000000e2c80000,0x00000000e3080000)
 ParOldGen       total 41984K, used 6071K [0x0000000080000000, 0x0000000082900000, 0x00000000d5580000)
  object space 41984K, 14% used [0x0000000080000000,0x00000000805edef8,0x0000000082900000)
 Metaspace       used 22240K, capacity 22556K, committed 22960K, reserved 1069056K
  class space    used 2676K, capacity 2810K, committed 2816K, reserved 1048576K
}
Event: 61986.130 GC heap before
{Heap before GC invocations=21 (full 1):
 PSYoungGen      total 157696K, used 153152K [0x00000000d5580000, 0x00000000e3080000, 0x0000000100000000)
  eden space 153088K, 100% used [0x00000000d5580000,0x00000000deb00000,0x00000000deb00000)
  from space 4608K, 1% used [0x00000000e2780000,0x00000000e2790000,0x00000000e2c00000)
  to   space 4096K, 0% used [0x00000000e2c80000,0x00000000e2c80000,0x00000000e3080000)
 ParOldGen       total 41984K, used 6071K [0x0000000080000000, 0x0000000082900000, 0x00000000d5580000)
  object space 41984K, 14% used [0x0000000080000000,0x00000000805edef8,0x0000000082900000)
 Metaspace       used 22240K, capacity 22556K, committed 22960K, reserved 1069056K
  class space    used 2676K, capacity 2810K, committed 2816K, reserved 1048576K
Event: 62074.378 GC heap after
Heap after GC invocations=21 (full 1):
 PSYoungGen      total 147456K, used 64K [0x00000000d5580000, 0x00000000e2d00000, 0x0000000100000000)
  eden space 146944K, 0% used [0x00000000d5580000,0x00000000d5580000,0x00000000de500000)
  from space 512K, 12% used [0x00000000e2c80000,0x00000000e2c90000,0x00000000e2d00000)
  to   space 4096K, 0% used [0x00000000e2500000,0x00000000e2500000,0x00000000e2900000)
 ParOldGen       total 41984K, used 6071K [0x0000000080000000, 0x0000000082900000, 0x00000000d5580000)
  object space 41984K, 14% used [0x0000000080000000,0x00000000805edef8,0x0000000082900000)
 Metaspace       used 22240K, capacity 22556K, committed 22960K, reserved 1069056K
  class space    used 2676K, capacity 2810K, committed 2816K, reserved 1048576K
}

Deoptimization events (10 events):
Event: 68.529 Thread 0x0000000058fe8800 Uncommon trap: reason=bimorphic action=maybe_recompile pc=0x0000000002b91cf8 method=java.util.regex.Pattern$BmpCharProperty.match(Ljava/util/regex/Matcher;ILjava/lang/CharSequence;)Z @ 16
Event: 268.678 Thread 0x0000000058ad4800 Uncommon trap: reason=unstable_if action=reinterpret pc=0x00000000029b5b0c method=javax.swing.Timer.post()V @ 9
Event: 2173.536 Thread 0x0000000058ad4800 Uncommon trap: reason=unstable_if action=reinterpret pc=0x0000000002eae1d8 method=java.util.concurrent.locks.AbstractQueuedSynchronizer$ConditionObject.signal()V @ 24
Event: 9432.423 Thread 0x0000000058ad4800 Uncommon trap: reason=unstable_if action=reinterpret pc=0x0000000002aa2cd8 method=java.util.concurrent.locks.ReentrantLock$Sync.nonfairTryAcquire(I)Z @ 34
Event: 9439.306 Thread 0x0000000058ad4800 Uncommon trap: reason=unstable_if action=reinterpret pc=0x0000000002e3fbd0 method=java.util.concurrent.locks.ReentrantLock$Sync.nonfairTryAcquire(I)Z @ 34
Event: 9443.177 Thread 0x0000000058ad4800 Uncommon trap: reason=unstable_if action=reinterpret pc=0x0000000002ac79a0 method=java.util.concurrent.locks.ReentrantLock$Sync.nonfairTryAcquire(I)Z @ 34
Event: 9446.747 Thread 0x0000000058ad4800 Uncommon trap: reason=unstable_if action=reinterpret pc=0x0000000002901d78 method=java.util.concurrent.locks.ReentrantLock$Sync.nonfairTryAcquire(I)Z @ 34
Event: 9681.557 Thread 0x0000000058ad4800 Uncommon trap: reason=unstable_if action=reinterpret pc=0x00000000029f9964 method=java.util.concurrent.locks.ReentrantLock$Sync.nonfairTryAcquire(I)Z @ 34
Event: 15311.818 Thread 0x0000000058fe8800 Uncommon trap: reason=unstable_if action=reinterpret pc=0x000000000299084c method=java.util.concurrent.locks.ReentrantLock$Sync.nonfairTryAcquire(I)Z @ 34
Event: 38091.449 Thread 0x0000000058ad4800 Uncommon trap: reason=unstable_if action=reinterpret pc=0x000000000297e6e0 method=sun.awt.AWTAutoShutdown.isReadyToShutdown()Z @ 4

Classes redefined (0 events):
No events

Internal exceptions (10 events):
Event: 4.761 Thread 0x0000000058fe8800 Exception <a 'java/lang/NoClassDefFoundError': org/apache/log4j/Category> (0x00000000d64173b8) thrown at [C:\re\workspace\8-2-build-windows-amd64-cygwin\jdk8u181\11358\hotspot\src\share\vm\classfile\systemDictionary.cpp, line 199]
Event: 5.032 Thread 0x0000000058fe8800 Exception <a 'java/lang/ClassNotFoundException': com/sun/org/glassfish/hk2/osgiresourcelocator/ServiceLoader> (0x00000000d7452310) thrown at [C:\re\workspace\8-2-build-windows-amd64-cygwin\jdk8u181\11358\hotspot\src\share\vm\classfile\systemDictionary.cpp
Event: 19.270 Thread 0x0000000058fe8800 Exception <a 'java/lang/ClassNotFoundException': com/sun/org/glassfish/hk2/osgiresourcelocator/ServiceLoader> (0x00000000d5e52e48) thrown at [C:\re\workspace\8-2-build-windows-amd64-cygwin\jdk8u181\11358\hotspot\src\share\vm\classfile\systemDictionary.cpp
Event: 19.271 Thread 0x0000000058fe8800 Exception <a 'java/lang/ArrayIndexOutOfBoundsException': 63> (0x00000000d5e5ce78) thrown at [C:\re\workspace\8-2-build-windows-amd64-cygwin\jdk8u181\11358\hotspot\src\share\vm\interpreter\interpreterRuntime.cpp, line 366]
Event: 33.085 Thread 0x0000000058fe8800 Exception <a 'java/net/UnknownHostException': udc-service.mathworks.com> (0x00000000d615bde8) thrown at [C:\re\workspace\8-2-build-windows-amd64-cygwin\jdk8u181\11358\hotspot\src\share\vm\prims\jni.cpp, line 735]
Event: 33.722 Thread 0x0000000058fe8800 Exception <a 'java/io/FileNotFoundException'> (0x00000000d61810b8) thrown at [C:\re\workspace\8-2-build-windows-amd64-cygwin\jdk8u181\11358\hotspot\src\share\vm\prims\jni.cpp, line 709]
Event: 35.260 Thread 0x0000000058fe8800 Implicit null exception at 0x00000000029ba2c6 to 0x00000000029ba64d
Event: 35.261 Thread 0x0000000058fe8800 Implicit null exception at 0x00000000029b9546 to 0x00000000029b98c9
Event: 35.446 Thread 0x0000000058fe8800 Exception <a 'java/io/FileNotFoundException'> (0x00000000d624dd88) thrown at [C:\re\workspace\8-2-build-windows-amd64-cygwin\jdk8u181\11358\hotspot\src\share\vm\prims\jni.cpp, line 709]
Event: 2173.536 Thread 0x0000000058ad4800 Implicit null exception at 0x0000000002ead97d to 0x0000000002eae1bd

Events (10 events):
Event: 39406.986 Thread 0x0000000058ad4800 DEOPT PACKING pc=0x0000000002b0921f sp=0x000000005b78e850
Event: 39410.582 Thread 0x0000000058ad4800 DEOPT UNPACKING pc=0x00000000028171d0 sp=0x000000005b78e560 mode 0
Event: 43969.886 Executing VM operation: ParallelGCFailedAllocation
Event: 43969.977 Executing VM operation: ParallelGCFailedAllocation done
Event: 46553.635 Executing VM operation: ParallelGCFailedAllocation
Event: 46553.841 Executing VM operation: ParallelGCFailedAllocation done
Event: 54897.778 Executing VM operation: ParallelGCFailedAllocation
Event: 54989.574 Executing VM operation: ParallelGCFailedAllocation done
Event: 61952.892 Executing VM operation: ParallelGCFailedAllocation
Event: 62074.378 Executing VM operation: ParallelGCFailedAllocation done


Dynamic libraries:
0x000000013f770000 - 0x000000013f7a7000 	C:\Program Files\MATLAB\R2019a\sys\java\jre\win64\jre\bin\java.exe
0x0000000077c10000 - 0x0000000077daf000 	C:\Windows\SYSTEM32\ntdll.dll
0x0000000077af0000 - 0x0000000077c0f000 	C:\Windows\system32\kernel32.dll
0x000007fefdab0000 - 0x000007fefdb17000 	C:\Windows\system32\KERNELBASE.dll
0x000007feff5d0000 - 0x000007feff6ab000 	C:\Windows\system32\ADVAPI32.dll
0x000007feffad0000 - 0x000007feffb6f000 	C:\Windows\system32\msvcrt.dll
0x000007fefe060000 - 0x000007fefe07f000 	C:\Windows\SYSTEM32\sechost.dll
0x000007fefee90000 - 0x000007fefefbc000 	C:\Windows\system32\RPCRT4.dll
0x00000000779f0000 - 0x0000000077aeb000 	C:\Windows\system32\USER32.dll
0x000007fefee20000 - 0x000007fefee87000 	C:\Windows\system32\GDI32.dll
0x000007fefe080000 - 0x000007fefe08e000 	C:\Windows\system32\LPK.dll
0x000007feff8e0000 - 0x000007feff9ab000 	C:\Windows\system32\USP10.dll
0x000007fefbfe0000 - 0x000007fefc1d5000 	C:\Windows\WinSxS\amd64_microsoft.windows.common-controls_6595b64144ccf1df_6.0.7601.24483_none_e372d88f30fbb845\COMCTL32.dll
0x000007feff550000 - 0x000007feff5c1000 	C:\Windows\system32\SHLWAPI.dll
0x000007fefdb20000 - 0x000007fefdb4e000 	C:\Windows\system32\IMM32.DLL
0x000007feff7d0000 - 0x000007feff8db000 	C:\Windows\system32\MSCTF.dll
0x0000000070980000 - 0x0000000070a52000 	C:\Program Files\MATLAB\R2019a\sys\java\jre\win64\jre\bin\msvcr100.dll
0x000000006e130000 - 0x000000006e9d2000 	C:\Program Files\MATLAB\R2019a\sys\java\jre\win64\jre\bin\server\jvm.dll
0x000007fefbbf0000 - 0x000007fefbbf9000 	C:\Windows\system32\WSOCK32.dll
0x000007fefdb60000 - 0x000007fefdbad000 	C:\Windows\system32\WS2_32.dll
0x000007fefdb50000 - 0x000007fefdb58000 	C:\Windows\system32\NSI.dll
0x000007fefb260000 - 0x000007fefb29b000 	C:\Windows\system32\WINMM.dll
0x000007fefc670000 - 0x000007fefc67c000 	C:\Windows\system32\VERSION.dll
0x0000000077db0000 - 0x0000000077db7000 	C:\Windows\system32\PSAPI.DLL
0x000000006da30000 - 0x000000006da3f000 	C:\Program Files\MATLAB\R2019a\sys\java\jre\win64\jre\bin\verify.dll
0x000000006b590000 - 0x000000006b5b9000 	C:\Program Files\MATLAB\R2019a\sys\java\jre\win64\jre\bin\java.dll
0x000000006d820000 - 0x000000006d836000 	C:\Program Files\MATLAB\R2019a\sys\java\jre\win64\jre\bin\zip.dll
0x000007fefe090000 - 0x000007fefee1b000 	C:\Windows\system32\SHELL32.dll
0x000007feffb70000 - 0x000007feffd6f000 	C:\Windows\system32\ole32.dll
0x000007fefd760000 - 0x000007fefd76f000 	C:\Windows\system32\profapi.dll
0x0000000068f50000 - 0x00000000690e9000 	C:\Program Files\MATLAB\R2019a\sys\java\jre\win64\jre\bin\awt.dll
0x000007feff1a0000 - 0x000007feff27b000 	C:\Windows\system32\OLEAUT32.dll
0x000007fefbb70000 - 0x000007fefbbc6000 	C:\Windows\system32\uxtheme.dll
0x000007fefb330000 - 0x000007fefb348000 	C:\Windows\system32\dwmapi.dll
0x000007fefd560000 - 0x000007fefd56f000 	C:\Windows\system32\CRYPTBASE.dll
0x0000000180000000 - 0x0000000180066000 	C:\Program Files\MATLAB\R2019a\bin\win64\crash_analyzer.dll
0x0000000059d30000 - 0x0000000059f25000 	C:\Program Files\MATLAB\R2019a\bin\win64\libmwi18n.dll
0x00000000004b0000 - 0x00000000004b9000 	C:\Program Files\MATLAB\R2019a\bin\win64\libmwresource_core.dll
0x000007fee1980000 - 0x000007fee1a1c000 	C:\Program Files\MATLAB\R2019a\sys\java\jre\win64\jre\bin\MSVCP140.dll
0x000007feefff0000 - 0x000007fef0006000 	C:\Program Files\MATLAB\R2019a\sys\java\jre\win64\jre\bin\VCRUNTIME140.dll
0x000007fefaf30000 - 0x000007fefaf34000 	C:\Program Files\MATLAB\R2019a\sys\java\jre\win64\jre\bin\api-ms-win-crt-runtime-l1-1-0.dll
0x000007fee1720000 - 0x000007fee1816000 	C:\Program Files\MATLAB\R2019a\sys\java\jre\win64\jre\bin\ucrtbase.DLL
0x000007fefa8c0000 - 0x000007fefa8c3000 	C:\Program Files\MATLAB\R2019a\sys\java\jre\win64\jre\bin\api-ms-win-core-timezone-l1-1-0.dll
0x000007fef9970000 - 0x000007fef9973000 	C:\Program Files\MATLAB\R2019a\sys\java\jre\win64\jre\bin\api-ms-win-core-file-l2-1-0.dll
0x000007fef7280000 - 0x000007fef7283000 	C:\Program Files\MATLAB\R2019a\sys\java\jre\win64\jre\bin\api-ms-win-core-localization-l1-2-0.dll
0x000007feeffe0000 - 0x000007feeffe3000 	C:\Program Files\MATLAB\R2019a\sys\java\jre\win64\jre\bin\api-ms-win-core-synch-l1-2-0.dll
0x000007feebcd0000 - 0x000007feebcd3000 	C:\Program Files\MATLAB\R2019a\sys\java\jre\win64\jre\bin\api-ms-win-core-processthreads-l1-1-1.dll
0x000007feebcc0000 - 0x000007feebcc3000 	C:\Program Files\MATLAB\R2019a\sys\java\jre\win64\jre\bin\api-ms-win-core-file-l1-2-0.dll
0x000007feebcb0000 - 0x000007feebcb4000 	C:\Program Files\MATLAB\R2019a\sys\java\jre\win64\jre\bin\api-ms-win-crt-string-l1-1-0.dll
0x000007feebca0000 - 0x000007feebca3000 	C:\Program Files\MATLAB\R2019a\sys\java\jre\win64\jre\bin\api-ms-win-crt-heap-l1-1-0.dll
0x000007feebba0000 - 0x000007feebba4000 	C:\Program Files\MATLAB\R2019a\sys\java\jre\win64\jre\bin\api-ms-win-crt-stdio-l1-1-0.dll
0x000007feebb90000 - 0x000007feebb94000 	C:\Program Files\MATLAB\R2019a\sys\java\jre\win64\jre\bin\api-ms-win-crt-convert-l1-1-0.dll
0x000007feeb190000 - 0x000007feeb193000 	C:\Program Files\MATLAB\R2019a\sys\java\jre\win64\jre\bin\api-ms-win-crt-locale-l1-1-0.dll
0x000007feeb180000 - 0x000007feeb185000 	C:\Program Files\MATLAB\R2019a\sys\java\jre\win64\jre\bin\api-ms-win-crt-math-l1-1-0.dll
0x000007feeb070000 - 0x000007feeb075000 	C:\Program Files\MATLAB\R2019a\sys\java\jre\win64\jre\bin\api-ms-win-crt-multibyte-l1-1-0.dll
0x000007feeb060000 - 0x000007feeb063000 	C:\Program Files\MATLAB\R2019a\sys\java\jre\win64\jre\bin\api-ms-win-crt-time-l1-1-0.dll
0x000007feead00000 - 0x000007feead03000 	C:\Program Files\MATLAB\R2019a\sys\java\jre\win64\jre\bin\api-ms-win-crt-filesystem-l1-1-0.dll
0x000007fee5730000 - 0x000007fee5733000 	C:\Program Files\MATLAB\R2019a\sys\java\jre\win64\jre\bin\api-ms-win-crt-environment-l1-1-0.dll
0x000007fee5710000 - 0x000007fee5713000 	C:\Program Files\MATLAB\R2019a\sys\java\jre\win64\jre\bin\api-ms-win-crt-utility-l1-1-0.dll
0x000007fef7290000 - 0x000007fef729b000 	C:\Program Files\MATLAB\R2019a\bin\win64\mwboost_system-vc141-mt-1_65_1.dll
0x00000000004d0000 - 0x00000000004e9000 	C:\Program Files\MATLAB\R2019a\bin\win64\libmwcpp11compat.dll
0x000007feead10000 - 0x000007feead35000 	C:\Program Files\MATLAB\R2019a\bin\win64\mwboost_filesystem-vc141-mt-1_65_1.dll
0x000007fee9650000 - 0x000007fee9662000 	C:\Program Files\MATLAB\R2019a\bin\win64\mwboost_date_time-vc141-mt-1_65_1.dll
0x000007fef72a0000 - 0x000007fef72c1000 	C:\Program Files\MATLAB\R2019a\bin\win64\mwboost_thread-vc141-mt-1_65_1.dll
0x000007fefa8e0000 - 0x000007fefa8ec000 	C:\Program Files\MATLAB\R2019a\bin\win64\mwboost_chrono-vc141-mt-1_65_1.dll
0x000007fee92b0000 - 0x000007fee92d9000 	C:\Program Files\MATLAB\R2019a\bin\win64\LIBEXPAT.dll
0x0000000070270000 - 0x00000000704ac000 	C:\Program Files\MATLAB\R2019a\bin\win64\icuin61.dll
0x0000000073320000 - 0x00000000734a0000 	C:\Program Files\MATLAB\R2019a\bin\win64\icuuc61.dll
0x000000006bbe0000 - 0x000000006d585000 	C:\Program Files\MATLAB\R2019a\bin\win64\icudt61.dll
0x000007fef7340000 - 0x000007fef7358000 	C:\Windows\system32\MPR.dll
0x0000000059f30000 - 0x000000005a1d3000 	C:\Program Files\MATLAB\R2019a\bin\win64\libmwfl.dll
0x000007fef8cf0000 - 0x000007fef8e15000 	C:\Windows\system32\dbghelp.dll
0x000007fee80a0000 - 0x000007fee8156000 	C:\Program Files\MATLAB\R2019a\bin\win64\mwboost_log-vc141-mt-1_65_1.dll
0x000007fefd360000 - 0x000007fefd36b000 	C:\Windows\system32\Secur32.dll
0x000007fefd530000 - 0x000007fefd555000 	C:\Windows\system32\SSPICLI.DLL
0x000007fee8060000 - 0x000007fee80a0000 	C:\Program Files\MATLAB\R2019a\bin\win64\mwboost_serialization-vc141-mt-1_65_1.dll
0x000007fefbdb0000 - 0x000007fefbddc000 	C:\Windows\system32\POWRPROF.dll
0x000007fefefc0000 - 0x000007feff197000 	C:\Windows\system32\SETUPAPI.dll
0x000007fefd9b0000 - 0x000007fefd9e6000 	C:\Windows\system32\CFGMGR32.dll
0x000007fefda90000 - 0x000007fefdaaa000 	C:\Windows\system32\DEVOBJ.dll
0x000007fef4fb0000 - 0x000007fef4fc8000 	C:\Program Files\MATLAB\R2019a\bin\win64\mwboost_iostreams-vc141-mt-1_65_1.dll
0x0000000073530000 - 0x000000007354a000 	C:\Program Files\MATLAB\R2019a\bin\win64\zlib1.dll
0x0000000068c20000 - 0x0000000068c44000 	C:\Program Files\MATLAB\R2019a\sys\java\jre\win64\jre\bin\sunec.dll
0x0000000069db0000 - 0x0000000069dca000 	C:\Program Files\MATLAB\R2019a\sys\java\jre\win64\jre\bin\net.dll
0x000007fefcea0000 - 0x000007fefcef5000 	C:\Windows\system32\mswsock.dll
0x000007fefce90000 - 0x000007fefce97000 	C:\Windows\System32\wship6.dll
0x000007fefb160000 - 0x000007fefb187000 	C:\Windows\system32\IPHLPAPI.DLL
0x000007fefb150000 - 0x000007fefb15b000 	C:\Windows\system32\WINNSI.DLL
0x000007fefaf80000 - 0x000007fefaf98000 	C:\Windows\system32\dhcpcsvc.DLL
0x000007fefaf00000 - 0x000007fefaf11000 	C:\Windows\system32\dhcpcsvc6.DLL
0x0000000069e40000 - 0x0000000069e51000 	C:\Program Files\MATLAB\R2019a\sys\java\jre\win64\jre\bin\nio.dll
0x000007fefcf00000 - 0x000007fefcf18000 	C:\Windows\system32\CRYPTSP.dll
0x000007fefcc00000 - 0x000007fefcc47000 	C:\Windows\system32\rsaenh.dll
0x000007fefd910000 - 0x000007fefd92f000 	C:\Windows\system32\USERENV.dll
0x0000000068cf0000 - 0x0000000068cfb000 	C:\Program Files\MATLAB\R2019a\sys\java\jre\win64\jre\bin\sunmscapi.dll
0x000007fefd790000 - 0x000007fefd8fd000 	C:\Windows\system32\CRYPT32.dll
0x000007fefd770000 - 0x000007fefd77f000 	C:\Windows\system32\MSASN1.dll
0x000007fefc740000 - 0x000007fefc747000 	C:\Windows\System32\wshtcpip.dll
0x000007fefcd20000 - 0x000007fefcd7b000 	C:\Windows\system32\DNSAPI.dll
0x000007fef7360000 - 0x000007fef7368000 	C:\Windows\system32\rasadhlp.dll
0x000007fee1200000 - 0x000007fee131d000 	C:\Windows\system32\opengl32.dll
0x000007feeb1a0000 - 0x000007feeb1cd000 	C:\Windows\system32\GLU32.dll
0x000007fee1100000 - 0x000007fee11f1000 	C:\Windows\system32\DDRAW.dll
0x000007fefaf20000 - 0x000007fefaf28000 	C:\Windows\system32\DCIMAN32.dll
0x0000000069df0000 - 0x0000000069e37000 	C:\Program Files\MATLAB\R2019a\sys\java\jre\win64\jre\bin\fontmanager.dll
0x0000000069180000 - 0x00000000691c2000 	C:\Program Files\MATLAB\R2019a\sys\java\jre\win64\jre\bin\t2k.dll
0x000007feffa10000 - 0x000007feffaa9000 	C:\Windows\system32\CLBCatQ.DLL
0x000007fefabf0000 - 0x000007fefad51000 	C:\Windows\system32\WindowsCodecs.dll
0x000007fefd610000 - 0x000007fefd667000 	C:\Windows\system32\apphelp.dll
0x000007fef5150000 - 0x000007fef51d5000 	C:\Program Files (x86)\Dropbox\Client\DropboxExt64.48.0.dll
0x000007fefbc20000 - 0x000007fefbd4c000 	C:\Windows\system32\propsys.dll
0x000007fefb820000 - 0x000007fefb84d000 	C:\Windows\system32\ntmarta.dll
0x000007feff9b0000 - 0x000007feffa02000 	C:\Windows\system32\WLDAP32.dll
0x000007fef3ca0000 - 0x000007fef3cbf000 	C:\Windows\system32\thumbcache.dll
0x000007fef3c30000 - 0x000007fef3c9b000 	C:\Windows\system32\PhotoMetadataHandler.dll
0x000007fef38a0000 - 0x000007fef3adb000 	C:\PROGRA~1\MICROS~1\Office15\GROOVEEX.DLL
0x0000000070b50000 - 0x0000000070be8000 	C:\Windows\system32\MSVCP100.dll
0x0000000070b20000 - 0x0000000070b4b000 	C:\Windows\system32\ATL100.DLL
0x000007fef2890000 - 0x000007fef2bae000 	C:\Windows\system32\msi.dll
0x000007fef1d30000 - 0x000007fef2369000 	C:\PROGRA~1\MICROS~1\Office15\1033\GrooveIntlResource.dll

VM Arguments:
jvm_args: -Djava.library.path=C:\Program Files\MATLAB\R2019a/bin/win64 
java_command: com.mathworks.fatalexit.FatalExitFrame C:\Users\gmr\AppData\Local\Temp\matlab_crash_dump.3940-1 -segvURL https://udc-service.mathworks.com/udc/service/v1 -mweInstall C:\Program Files\MATLAB\R2019a -logfile Java Crash Report=C:\Users\gmr\AppData\Local\Temp\hs_error_pid3940.log -desktopOS Microsoft Windows 7 Ultimate  -desktopPlatform win64 -installationId e5231362-1ba3-4398-8373-ce3746296020 -machineHash 5ede388e0e9308a79f7b9e807c3fe6fa -releaseFamily R2019a -sessionKey 2f9089ec-0040-4512-904c-27568467c9f0 -version 9.6.0.1214997 (R2019a) Update 6 -optIn
java_class_path (initial): C:\Program Files\MATLAB\R2019a\java\jar/fatalexit.jar;C:\Program Files\MATLAB\R2019a\java\jar/crash_analyzer.jar;C:\Program Files\MATLAB\R2019a\java\jar/mlwebservices.jar;C:\Program Files\MATLAB\R2019a\java\jar/net.jar;C:\Program Files\MATLAB\R2019a\java\jar/webproxy.jar;C:\Program Files\MATLAB\R2019a\java\jarext/webservices/udc_client/udc_client.jar;C:\Program Files\MATLAB\R2019a\java\jarext/webservices/urlmanager/urlmanager.jar;C:\Program Files\MATLAB\R2019a\java\jarext/webservices/ws_client_core/mw-service-client-core.jar;C:\Program Files\MATLAB\R2019a\java\jarext/commons-cli.jar;C:\Program Files\MATLAB\R2019a\java\jarext/commons-codec.jar;C:\Program Files\MATLAB\R2019a\java\jarext/commons-io.jar;C:\Program Files\MATLAB\R2019a\java\jarext/commons-lang.jar;C:\Program Files\MATLAB\R2019a\java\jarext/commons-logging.jar;C:\Program Files\MATLAB\R2019a\java\jarext/jgoodies-looks.jar;C:\Program Files\MATLAB\R2019a\java\jarext/axis2/activation.jar;C:\Program Files\MATLAB\R2019a\java\jarext/axis2/axiom-api.jar;C:\Program Files\MATLAB\R2019a\java\jarext/axis2/axiom-impl.jar;C:\Program Files\MATLAB\R2019a\java\jarext/axis2/axis2-adb.jar;C:\Program Files\MATLAB\R2019a\java\jarext/axis2/axis2-kernel.jar;C:\Program Files\MATLAB\R2019a\java\jarext/axis2/axis2-transport-http.jar;C:\Program Files\MATLAB\R2019a\java\jarext/axis2/axis2-transport-local.jar;C:\Program Files\MATLAB\R2019a\java\jarext/axis2/commons-httpclient.jar;C:\Program Files\MATLAB\R2019a\java\jarext/axis2/geronimo-stax-api.jar;C:\Program Files\MATLAB\R2019a\java\jarext/axis2/httpcore.jar;C:\Program Files\MATLAB\R2019a\java\jarext/axis2/mail.jar;C:\Program Files\MATLAB\R2019a\java\jarext/axis2/neethi.jar;C:\Program Files\MATLAB\R2019a\java\jarext/axis2/wsdl4j.jar;C:\Program Files\MATLAB\R2019a\java\jarext/axis2/wstx-asl.jar;C:\Program Files\MATLAB\R2019a\java\jarext/axis2/XmlSchema.jar;C:\Program Files\MATLAB\R2019a\java\jar/ja_JP/fatalexit_res.jar;C:\Program Files\MATLAB\R2019a\java\
Launcher Type: SUN_STANDARD

Environment Variables:
PATH=C:\Program Files\MATLAB\R2019a\bin\win64;C:\Users\gmr\Documents\MATLAB\Psychtoolbox\PsychContributed\x64\;C:\Users\gmr\Documents\MATLAB\Psychtoolbox\PsychOpenGL/MOGL/core/x64;C:\Users\gmr\Documents\MATLAB\Psychtoolbox\PsychSound;D:\gstreamer\1.0\x86_64\bin;C:\Windows\system32;C:\Windows;C:\Windows\System32\Wbem;C:\Windows\System32\WindowsPowerShell\v1.0\;C:\Program Files (x86)\Skype\Phone\;C:\Program Files\MATLAB\R2019a\bin;C:\Program Files\SlikSvn\bin
USERNAME=gmr
OS=Windows_NT
PROCESSOR_IDENTIFIER=Intel64 Family 6 Model 23 Stepping 10, GenuineIntel



---------------  S Y S T E M  ---------------

OS: Windows 7 , 64 bit Build 7601 (6.1.7601.24545)

CPU:total 2 (initial active 2) (2 cores per cpu, 1 threads per core) family 6 model 23 stepping 10, cmov, cx8, fxsr, mmx, sse, sse2, sse3, ssse3, sse4.1, tsc

Memory: 4k page, physical 8387640k(903752k free), swap 24739888k(2870936k free)

vm_info: Java HotSpot(TM) 64-Bit Server VM (25.181-b13) for windows-amd64 JRE (1.8.0_181-b13), built on Jul  7 2018 04:01:33 by "java_re" with MS VC++ 10.0 (VS2010)

time: Sat Feb 12 17:17:28 2022
elapsed time: 63732 seconds (0d 17h 42m 12s)

